app/manifest-merger-release-report.txt
-- Merging decision tree log ---
manifest
ADDED from AndroidManifest.xml:2:1
	xmlns:tools
		ADDED from AndroidManifest.xml:3:11
	xmlns:android
		ADDED from AndroidManifest.xml:2:11
	package
		ADDED from AndroidManifest.xml:4:5
		INJECTED from AndroidManifest.xml:0:0
		INJECTED from AndroidManifest.xml:0:0
	android:versionName
		ADDED from AndroidManifest.xml:6:5
		INJECTED from AndroidManifest.xml:0:0
		INJECTED from AndroidManifest.xml:0:0
	android:versionCode
		ADDED from AndroidManifest.xml:5:5
		INJECTED from AndroidManifest.xml:0:0
		INJECTED from AndroidManifest.xml:0:0
uses-sdk
ADDED from AndroidManifest.xml:8:5
MERGED from eu.livotov.labs:zxscanlib:0.9.1:7:5
MERGED from com.android.support:appcompat-v7:21.0.0:15:5
MERGED from com.android.support:support-v4:21.0.0:15:5
MERGED from com.android.support:appcompat-v7:21.0.0:15:5
MERGED from com.android.support:support-v4:21.0.0:15:5
	android:targetSdkVersion
		ADDED from AndroidManifest.xml:10:9
		INJECTED from AndroidManifest.xml:0:0
		INJECTED from AndroidManifest.xml:0:0
	android:minSdkVersion
		ADDED from AndroidManifest.xml:9:9
		INJECTED from AndroidManifest.xml:0:0
		INJECTED from AndroidManifest.xml:0:0
uses-permission#android.permission.INTERNET
ADDED from AndroidManifest.xml:13:5
	android:name
		ADDED from AndroidManifest.xml:13:22
uses-permission#android.permission.WAKE_LOCK
ADDED from AndroidManifest.xml:14:5
	android:name
		ADDED from AndroidManifest.xml:14:22
uses-permission#android.permission.CAMERA
ADDED from AndroidManifest.xml:17:5
MERGED from eu.livotov.labs:zxscanlib:0.9.1:11:5
	android:name
		ADDED from AndroidManifest.xml:17:22
uses-feature#android.hardware.camera
ADDED from AndroidManifest.xml:18:5
MERGED from eu.livotov.labs:zxscanlib:0.9.1:15:5
	android:required
		ADDED from AndroidManifest.xml:19:19
		MERGED from AndroidManifest.xml:19:19
	android:name
		ADDED from AndroidManifest.xml:18:19
uses-feature#android.hardware.camera.autofocus
ADDED from AndroidManifest.xml:20:5
MERGED from eu.livotov.labs:zxscanlib:0.9.1:16:5
	android:required
		ADDED from AndroidManifest.xml:21:19
	android:name
		ADDED from AndroidManifest.xml:20:19
uses-permission#android.permission.VIBRATE
ADDED from AndroidManifest.xml:22:5
MERGED from eu.livotov.labs:zxscanlib:0.9.1:12:5
	android:name
		ADDED from AndroidManifest.xml:22:22
uses-permission#android.permission.FLASHLIGHT
ADDED from AndroidManifest.xml:23:5
MERGED from eu.livotov.labs:zxscanlib:0.9.1:13:5
	android:name
		ADDED from AndroidManifest.xml:23:22
uses-permission#android.permission.NFC
ADDED from AndroidManifest.xml:24:5
	android:name
		ADDED from AndroidManifest.xml:24:22
application
ADDED from AndroidManifest.xml:26:5
MERGED from eu.livotov.labs:zxscanlib:0.9.1:27:5
MERGED from com.android.support:appcompat-v7:21.0.0:16:5
MERGED from com.android.support:support-v4:21.0.0:16:5
MERGED from com.android.support:appcompat-v7:21.0.0:16:5
MERGED from com.android.support:support-v4:21.0.0:16:5
	android:label
		ADDED from AndroidManifest.xml:30:9
		REJECTED from eu.livotov.labs:zxscanlib:0.9.1:27:18
	android:allowBackup
		ADDED from AndroidManifest.xml:28:9
	android:icon
		ADDED from AndroidManifest.xml:29:9
	android:theme
		ADDED from AndroidManifest.xml:31:9
	tools:replace
		ADDED from AndroidManifest.xml:32:9
	android:name
		ADDED from AndroidManifest.xml:27:9
service#com.bonsai.wallet32.WalletService
ADDED from AndroidManifest.xml:34:9
	android:label
		ADDED from AndroidManifest.xml:37:13
	android:icon
		ADDED from AndroidManifest.xml:36:13
	android:name
		ADDED from AndroidManifest.xml:35:13
activity#com.bonsai.wallet32.LobbyActivity
ADDED from AndroidManifest.xml:40:9
	android:screenOrientation
		ADDED from AndroidManifest.xml:43:6
	android:label
		ADDED from AndroidManifest.xml:42:13
	android:name
		ADDED from AndroidManifest.xml:41:13
intent-filter#android.intent.action.MAIN+android.intent.category.LAUNCHER
ADDED from AndroidManifest.xml:45:13
action#android.intent.action.MAIN
ADDED from AndroidManifest.xml:46:17
	android:name
		ADDED from AndroidManifest.xml:46:25
category#android.intent.category.LAUNCHER
ADDED from AndroidManifest.xml:47:17
	android:name
		ADDED from AndroidManifest.xml:47:27
intent-filter#android.intent.action.VIEW+android.intent.category.BROWSABLE+android.intent.category.DEFAULT
ADDED from AndroidManifest.xml:49:13
action#android.intent.action.VIEW
ADDED from AndroidManifest.xml:50:8
	android:name
		ADDED from AndroidManifest.xml:50:16
data
ADDED from AndroidManifest.xml:51:8
	android:scheme
		ADDED from AndroidManifest.xml:51:14
category#android.intent.category.DEFAULT
ADDED from AndroidManifest.xml:52:8
	android:name
		ADDED from AndroidManifest.xml:52:18
category#android.intent.category.BROWSABLE
ADDED from AndroidManifest.xml:53:8
	android:name
		ADDED from AndroidManifest.xml:53:18
activity#com.bonsai.wallet32.PasscodeActivity
ADDED from AndroidManifest.xml:56:9
	android:screenOrientation
		ADDED from AndroidManifest.xml:59:6
	android:label
		ADDED from AndroidManifest.xml:58:13
	android:name
		ADDED from AndroidManifest.xml:57:13
activity#com.bonsai.wallet32.MainActivity
ADDED from AndroidManifest.xml:62:9
	android:screenOrientation
		ADDED from AndroidManifest.xml:65:6
	android:label
		ADDED from AndroidManifest.xml:64:13
	android:name
		ADDED from AndroidManifest.xml:63:13
activity#com.bonsai.wallet32.ViewSeedActivity
ADDED from AndroidManifest.xml:68:9
	android:screenOrientation
		ADDED from AndroidManifest.xml:72:6
	android:label
		ADDED from AndroidManifest.xml:70:13
	android:parentActivityName
		ADDED from AndroidManifest.xml:71:13
	android:name
		ADDED from AndroidManifest.xml:69:13
meta-data#android.support.PARENT_ACTIVITY
ADDED from AndroidManifest.xml:74:13
	android:name
		ADDED from AndroidManifest.xml:75:17
	android:value
		ADDED from AndroidManifest.xml:76:17
activity#com.bonsai.wallet32.ShowXPubActivity
ADDED from AndroidManifest.xml:78:9
	android:screenOrientation
		ADDED from AndroidManifest.xml:82:6
	android:label
		ADDED from AndroidManifest.xml:80:13
	android:parentActivityName
		ADDED from AndroidManifest.xml:81:13
	android:name
		ADDED from AndroidManifest.xml:79:13
activity#com.bonsai.wallet32.ShowPairingActivity
ADDED from AndroidManifest.xml:88:9
	android:screenOrientation
		ADDED from AndroidManifest.xml:92:6
	android:label
		ADDED from AndroidManifest.xml:90:13
	android:parentActivityName
		ADDED from AndroidManifest.xml:91:13
	android:name
		ADDED from AndroidManifest.xml:89:13
activity#com.bonsai.wallet32.RescanActivity
ADDED from AndroidManifest.xml:98:9
	android:screenOrientation
		ADDED from AndroidManifest.xml:102:6
	android:label
		ADDED from AndroidManifest.xml:100:13
	android:parentActivityName
		ADDED from AndroidManifest.xml:101:13
	android:name
		ADDED from AndroidManifest.xml:99:13
activity#com.bonsai.wallet32.ViewAccountActivity
ADDED from AndroidManifest.xml:108:9
	android:windowSoftInputMode
		ADDED from AndroidManifest.xml:111:6
	android:screenOrientation
		ADDED from AndroidManifest.xml:113:6
	android:label
		ADDED from AndroidManifest.xml:110:13
	android:parentActivityName
		ADDED from AndroidManifest.xml:112:13
	android:name
		ADDED from AndroidManifest.xml:109:13
activity#com.bonsai.wallet32.SendBitcoinActivity
ADDED from AndroidManifest.xml:119:9
	android:windowSoftInputMode
		ADDED from AndroidManifest.xml:122:6
	android:screenOrientation
		ADDED from AndroidManifest.xml:124:6
	android:label
		ADDED from AndroidManifest.xml:121:13
	android:parentActivityName
		ADDED from AndroidManifest.xml:123:13
	android:name
		ADDED from AndroidManifest.xml:120:13
activity#com.bonsai.wallet32.ReceiveBitcoinActivity
ADDED from AndroidManifest.xml:130:9
	android:windowSoftInputMode
		ADDED from AndroidManifest.xml:133:6
	android:screenOrientation
		ADDED from AndroidManifest.xml:135:6
	android:label
		ADDED from AndroidManifest.xml:132:13
	android:parentActivityName
		ADDED from AndroidManifest.xml:134:13
	android:name
		ADDED from AndroidManifest.xml:131:13
activity#com.bonsai.wallet32.SweepKeyActivity
ADDED from AndroidManifest.xml:141:9
	android:windowSoftInputMode
		ADDED from AndroidManifest.xml:144:6
	android:screenOrientation
		ADDED from AndroidManifest.xml:146:6
	android:label
		ADDED from AndroidManifest.xml:143:13
	android:parentActivityName
		ADDED from AndroidManifest.xml:145:13
	android:name
		ADDED from AndroidManifest.xml:142:13
activity#com.bonsai.wallet32.ViewTransactionsActivity
ADDED from AndroidManifest.xml:152:9
	android:screenOrientation
		ADDED from AndroidManifest.xml:156:6
	android:label
		ADDED from AndroidManifest.xml:154:13
	android:parentActivityName
		ADDED from AndroidManifest.xml:155:13
	android:name
		ADDED from AndroidManifest.xml:153:13
activity#com.bonsai.wallet32.ViewTransactionActivity
ADDED from AndroidManifest.xml:162:9
	android:screenOrientation
		ADDED from AndroidManifest.xml:166:6
	android:label
		ADDED from AndroidManifest.xml:164:13
	android:parentActivityName
		ADDED from AndroidManifest.xml:165:13
	android:name
		ADDED from AndroidManifest.xml:163:13
activity#com.bonsai.wallet32.ViewAddressActivity
ADDED from AndroidManifest.xml:172:9
	android:screenOrientation
		ADDED from AndroidManifest.xml:176:6
	android:label
		ADDED from AndroidManifest.xml:174:13
	android:parentActivityName
		ADDED from AndroidManifest.xml:175:13
	android:name
		ADDED from AndroidManifest.xml:173:13
activity#com.google.zxing.client.android.CaptureActivity
ADDED from AndroidManifest.xml:182:9
MERGED from eu.livotov.labs:zxscanlib:0.9.1:28:9
	android:windowSoftInputMode
		ADDED from AndroidManifest.xml:188:13
	android:screenOrientation
		ADDED from AndroidManifest.xml:189:6
	android:configChanges
		ADDED from AndroidManifest.xml:185:13
	android:theme
		ADDED from AndroidManifest.xml:187:13
	android:stateNotNeeded
		ADDED from AndroidManifest.xml:186:13
	android:clearTaskOnLaunch
		ADDED from AndroidManifest.xml:184:13
	android:name
		ADDED from AndroidManifest.xml:183:13
activity#com.bonsai.wallet32.CreateRestoreActivity
ADDED from AndroidManifest.xml:192:9
	android:screenOrientation
		ADDED from AndroidManifest.xml:195:6
	android:label
		ADDED from AndroidManifest.xml:194:13
	android:name
		ADDED from AndroidManifest.xml:193:13
activity#com.bonsai.wallet32.RestoreWalletActivity
ADDED from AndroidManifest.xml:198:9
	android:screenOrientation
		ADDED from AndroidManifest.xml:201:6
	android:label
		ADDED from AndroidManifest.xml:200:13
	android:name
		ADDED from AndroidManifest.xml:199:13
activity#com.bonsai.wallet32.PairWalletActivity
ADDED from AndroidManifest.xml:204:9
	android:screenOrientation
		ADDED from AndroidManifest.xml:207:6
	android:label
		ADDED from AndroidManifest.xml:206:13
	android:name
		ADDED from AndroidManifest.xml:205:13
intent-filter#android.intent.category.DEFAULT+android.nfc.action.NDEF_DISCOVERED
ADDED from AndroidManifest.xml:209:13
	android:label
		ADDED from AndroidManifest.xml:209:28
action#android.nfc.action.NDEF_DISCOVERED
ADDED from AndroidManifest.xml:210:17
	android:name
		ADDED from AndroidManifest.xml:210:25
activity#com.bonsai.wallet32.SettingsActivity
ADDED from AndroidManifest.xml:218:9
	android:screenOrientation
		ADDED from AndroidManifest.xml:221:6
	android:label
		ADDED from AndroidManifest.xml:220:13
	android:name
		ADDED from AndroidManifest.xml:219:13
activity#com.bonsai.wallet32.AboutActivity
ADDED from AndroidManifest.xml:224:9
	android:screenOrientation
		ADDED from AndroidManifest.xml:227:6
	android:label
		ADDED from AndroidManifest.xml:226:13
	android:name
		ADDED from AndroidManifest.xml:225:13
uses-feature#android.hardware.camera.flash
ADDED from eu.livotov.labs:zxscanlib:0.9.1:19:5
	android:required
		ADDED from eu.livotov.labs:zxscanlib:0.9.1:21:9
	android:name
		ADDED from eu.livotov.labs:zxscanlib:0.9.1:20:9
uses-feature#android.hardware.screen.landscape
ADDED from eu.livotov.labs:zxscanlib:0.9.1:22:5
	android:name
		ADDED from eu.livotov.labs:zxscanlib:0.9.1:22:19
uses-feature#android.hardware.touchscreen
ADDED from eu.livotov.labs:zxscanlib:0.9.1:23:5
	android:required
		ADDED from eu.livotov.labs:zxscanlib:0.9.1:25:9
	android:name
		ADDED from eu.livotov.labs:zxscanlib:0.9.1:24:9
intent-filter#android.intent.category.DEFAULT+eu.livotov.zxscan.SCAN
ADDED from eu.livotov.labs:zxscanlib:0.9.1:35:13
action#eu.livotov.zxscan.SCAN
ADDED from eu.livotov.labs:zxscanlib:0.9.1:36:17
	android:name
		ADDED from eu.livotov.labs:zxscanlib:0.9.1:36:25